<?xml version="1.0" encoding="UTF-8"?>
<!-- Generated by org.testng.reporters.JUnitReportReporter -->
<testsuite hostname="Lateef-PC" name="lateefCodingScripts.CommentNumberCheck" tests="2" failures="0" timestamp="6 Dec 2013 17:00:50 GMT" time="4.589" errors="0">
  <testcase name="login" time="3.245" classname="lateefCodingScripts.CommentNumberCheck"/>
  <testcase name="navigateToTargetLink" time="1.344" classname="lateefCodingScripts.CommentNumberCheck"/>
</testsuite> <!-- lateefCodingScripts.CommentNumberCheck -->
