<?xml version="1.0" encoding="UTF-8"?>
<!-- Generated by org.testng.reporters.JUnitReportReporter -->
<testsuite hostname="Lateef-PC" name="lateefCodingScripts.CommentNumberCheck" tests="3" failures="0" timestamp="6 Dec 2013 14:18:12 GMT" time="5.035" errors="0">
  <testcase name="GetNumberOfComments" time="0.400" classname="lateefCodingScripts.CommentNumberCheck"/>
  <testcase name="login" time="2.862" classname="lateefCodingScripts.CommentNumberCheck"/>
  <testcase name="navigateToTargetLink" time="1.773" classname="lateefCodingScripts.CommentNumberCheck"/>
</testsuite> <!-- lateefCodingScripts.CommentNumberCheck -->
