<?xml version="1.0" encoding="UTF-8"?>
<!-- Generated by org.testng.reporters.JUnitReportReporter -->
<testsuite hostname="Lateef-PC" name="lateefCodingScripts.CommentNumberCheck" tests="3" failures="0" timestamp="6 Dec 2013 22:06:14 GMT" time="5.286" errors="0">
  <testcase name="GetNumberOfComments" time="0.233" classname="lateefCodingScripts.CommentNumberCheck"/>
  <testcase name="login" time="2.921" classname="lateefCodingScripts.CommentNumberCheck"/>
  <testcase name="navigateToTargetLink" time="2.132" classname="lateefCodingScripts.CommentNumberCheck"/>
</testsuite> <!-- lateefCodingScripts.CommentNumberCheck -->
